[2020-08-22T16:11:09.371] [DEBUG] cheese - login => username:zs,password:123456
[2020-08-22T16:11:09.373] [DEBUG] cheese - zs
[2020-08-22T16:11:09.393] [DEBUG] cheese - null
[2020-08-22T16:11:09.394] [DEBUG] cheese - null
[2020-08-22T16:11:47.463] [DEBUG] cheese - login => username:admin,password:123456
[2020-08-22T16:11:47.463] [DEBUG] cheese - admin
[2020-08-22T16:11:47.472] [DEBUG] cheese - null
[2020-08-22T16:11:47.472] [DEBUG] cheese - null
[2020-08-23T09:45:46.165] [DEBUG] cheese - login => username:admin,password:123456
[2020-08-23T09:45:46.166] [DEBUG] cheese - admin
[2020-08-23T09:45:46.182] [DEBUG] cheese - null
[2020-08-23T09:45:46.182] [DEBUG] cheese - null
[2020-08-23T16:30:15.482] [DEBUG] cheese - login => username:admin,password:123456
[2020-08-23T16:30:15.482] [DEBUG] cheese - admin
[2020-08-23T16:30:15.493] [DEBUG] cheese - null
[2020-08-23T16:30:15.493] [DEBUG] cheese - null
[2020-08-23T16:31:42.008] [DEBUG] cheese - login => username:admin,password:123456
[2020-08-23T16:31:42.008] [DEBUG] cheese - admin
[2020-08-23T16:31:42.010] [DEBUG] cheese - null
[2020-08-23T16:31:42.010] [DEBUG] cheese - null
[2020-08-23T16:31:44.378] [DEBUG] cheese - login => username:admin,password:1234561
[2020-08-23T16:31:44.378] [DEBUG] cheese - admin
[2020-08-23T16:31:44.382] [DEBUG] cheese - null
[2020-08-23T16:31:44.382] [DEBUG] cheese - null
[2020-08-23T16:41:21.347] [DEBUG] cheese - login => username:admin,password:123456
[2020-08-23T16:41:21.347] [DEBUG] cheese - admin
[2020-08-23T16:41:21.357] [DEBUG] cheese - null
[2020-08-23T16:41:21.357] [DEBUG] cheese - null
[2020-08-24T09:06:24.949] [DEBUG] cheese - login => username:admin,password:123456
[2020-08-24T09:06:24.951] [DEBUG] cheese - admin
[2020-08-24T09:06:24.971] [DEBUG] cheese - null
[2020-08-24T09:06:24.972] [DEBUG] cheese - null
[2020-08-24T09:25:50.174] [DEBUG] cheese - login => username:admin,password:123456
[2020-08-24T09:25:50.174] [DEBUG] cheese - admin
[2020-08-24T09:25:50.180] [DEBUG] cheese - null
[2020-08-24T09:25:50.180] [DEBUG] cheese - null
[2020-08-24T15:23:49.833] [DEBUG] cheese - login => username:admin,password:123456
[2020-08-24T15:23:49.835] [DEBUG] cheese - admin
[2020-08-24T15:23:49.849] [DEBUG] cheese - null
[2020-08-24T15:23:49.849] [DEBUG] cheese - null
[2020-08-24T17:03:21.872] [DEBUG] cheese - login => username:admin,password:123456
[2020-08-24T17:03:21.873] [DEBUG] cheese - admin
[2020-08-24T17:03:21.886] [DEBUG] cheese - null
[2020-08-24T17:03:21.888] [DEBUG] cheese - null
[2020-08-24T18:48:46.860] [DEBUG] cheese - login => username:admin,password:123456
[2020-08-24T18:48:46.860] [DEBUG] cheese - admin
[2020-08-24T18:48:46.874] [DEBUG] cheese - null
[2020-08-24T18:48:46.875] [DEBUG] cheese - null
[2020-08-24T18:54:16.138] [DEBUG] cheese - login => username:admin,password:123456
[2020-08-24T18:54:16.139] [DEBUG] cheese - admin
[2020-08-24T18:54:16.151] [DEBUG] cheese - null
[2020-08-24T18:54:16.151] [DEBUG] cheese - null
[2020-08-25T09:19:17.410] [DEBUG] cheese - login => username:admin,password:123456
[2020-08-25T09:19:17.411] [DEBUG] cheese - admin
[2020-08-25T09:19:17.433] [DEBUG] cheese - null
[2020-08-25T09:19:17.433] [DEBUG] cheese - null
[2020-08-25T15:00:30.480] [DEBUG] cheese - login => username:admin,password:123456
[2020-08-25T15:00:30.480] [DEBUG] cheese - admin
[2020-08-25T15:00:30.487] [DEBUG] cheese - null
[2020-08-25T15:00:30.487] [DEBUG] cheese - null
[2020-08-25T15:09:39.891] [DEBUG] cheese - login => username:admin,password:123456
[2020-08-25T15:09:39.891] [DEBUG] cheese - admin
[2020-08-25T15:09:39.894] [DEBUG] cheese - null
[2020-08-25T15:09:39.894] [DEBUG] cheese - null
[2020-08-27T14:31:03.060] [DEBUG] cheese - login => username:admin,password:123456
[2020-08-27T14:31:03.061] [DEBUG] cheese - admin
[2020-08-27T14:31:03.076] [DEBUG] cheese - null
[2020-08-27T14:31:03.076] [DEBUG] cheese - null
[2020-08-31T19:19:45.183] [DEBUG] cheese - login => username:admin,password:123456
[2020-08-31T19:19:45.186] [DEBUG] cheese - admin
[2020-08-31T19:19:45.227] [DEBUG] cheese - null
[2020-08-31T19:19:45.228] [DEBUG] cheese - null
[2020-08-31T19:42:01.898] [DEBUG] cheese - login => username:admin,password:123456
[2020-08-31T19:42:01.898] [DEBUG] cheese - admin
[2020-08-31T19:42:01.902] [DEBUG] cheese - null
[2020-08-31T19:42:01.902] [DEBUG] cheese - null
[2020-08-31T19:55:39.865] [DEBUG] cheese - login => username:admin,password:123456
[2020-08-31T19:55:39.866] [DEBUG] cheese - admin
[2020-08-31T19:55:39.871] [DEBUG] cheese - null
[2020-08-31T19:55:39.872] [DEBUG] cheese - null
[2020-09-01T09:07:06.022] [DEBUG] cheese - login => username:admin,password:123456
[2020-09-01T09:07:06.023] [DEBUG] cheese - admin
[2020-09-01T09:07:06.031] [DEBUG] cheese - null
[2020-09-01T09:07:06.031] [DEBUG] cheese - null
[2020-09-01T09:09:01.877] [DEBUG] cheese - null
[2020-09-01T09:09:32.703] [DEBUG] cheese - null
[2020-09-01T09:37:12.940] [DEBUG] cheese - login => username:admin,password:123456
[2020-09-01T09:37:12.941] [DEBUG] cheese - admin
[2020-09-01T09:37:12.956] [DEBUG] cheese - null
[2020-09-01T09:37:12.957] [DEBUG] cheese - null
[2020-09-01T09:44:18.418] [DEBUG] cheese - login => username:admin,password:123456
[2020-09-01T09:44:18.422] [DEBUG] cheese - admin
[2020-09-01T09:44:18.437] [DEBUG] cheese - null
[2020-09-01T09:44:18.439] [DEBUG] cheese - null
